[2024-08-24 21:32:34] [ INFO ] [BD:77] Datos creados correctamente
[2024-08-24 22:15:37] [ ERROR] [BD:79] error inesperado: Imposible eliminar "TIENDA" debido a que "CONSTRAINT_F2D, CONSTRAINT_13" depende de él.
Cannot drop "TIENDA" because "CONSTRAINT_F2D, CONSTRAINT_13" depends on it; SQL statement:
DROP TABLE IF EXISTS TIENDA [90107-224]
[2024-08-24 22:22:14] [ ERROR] [BD:79] error inesperado: Imposible eliminar "TIENDA" debido a que "CONSTRAINT_F2D, CONSTRAINT_13" depende de él.
Cannot drop "TIENDA" because "CONSTRAINT_F2D, CONSTRAINT_13" depends on it; SQL statement:
DROP TABLE IF EXISTS TIENDA [90107-224]
[2024-08-24 22:22:20] [ INFO ] [ProductoDAOH2:19] Iniciando el guardado del producto con ID: 1
[2024-08-24 22:22:20] [ INFO ] [ProductoDAOH2:35] producto creado correctamente
[2024-08-24 22:22:35] [ INFO ] [ProductoDAOH2:19] Iniciando el guardado del producto con ID: 0
[2024-08-24 22:22:35] [ INFO ] [ProductoDAOH2:35] producto creado correctamente
[2024-08-24 22:22:36] [ INFO ] [ProductoDAOH2:19] Iniciando el guardado del producto con ID: 0
[2024-08-24 22:22:36] [ INFO ] [ProductoDAOH2:35] producto creado correctamente
[2024-08-24 22:22:36] [ INFO ] [ProductoDAOH2:19] Iniciando el guardado del producto con ID: 0
[2024-08-24 22:22:36] [ INFO ] [ProductoDAOH2:35] producto creado correctamente
[2024-08-24 22:22:37] [ INFO ] [ProductoDAOH2:19] Iniciando el guardado del producto con ID: 0
[2024-08-24 22:22:37] [ INFO ] [ProductoDAOH2:35] producto creado correctamente
[2024-08-24 22:22:38] [ INFO ] [ProductoDAOH2:19] Iniciando el guardado del producto con ID: 0
[2024-08-24 22:22:38] [ INFO ] [ProductoDAOH2:35] producto creado correctamente
[2024-08-24 22:22:39] [ INFO ] [ProductoDAOH2:19] Iniciando el guardado del producto con ID: 0
[2024-08-24 22:22:39] [ INFO ] [ProductoDAOH2:35] producto creado correctamente
[2024-08-24 22:22:39] [ INFO ] [ProductoDAOH2:19] Iniciando el guardado del producto con ID: 0
[2024-08-24 22:22:39] [ INFO ] [ProductoDAOH2:35] producto creado correctamente
[2024-08-24 22:57:37] [ ERROR] [BD:79] error inesperado: Imposible eliminar "TIENDA" debido a que "CONSTRAINT_F2D, CONSTRAINT_13" depende de él.
Cannot drop "TIENDA" because "CONSTRAINT_F2D, CONSTRAINT_13" depends on it; SQL statement:
DROP TABLE IF EXISTS TIENDA [90107-224]
[2024-08-24 22:58:48] [ ERROR] [BD:79] error inesperado: Imposible eliminar "TIENDA" debido a que "CONSTRAINT_F2D, CONSTRAINT_13" depende de él.
Cannot drop "TIENDA" because "CONSTRAINT_F2D, CONSTRAINT_13" depends on it; SQL statement:
DROP TABLE IF EXISTS TIENDA [90107-224]
[2024-08-24 22:58:56] [ INFO ] [ProductoDAOH2:19] Iniciando el guardado del producto
[2024-08-24 22:58:56] [ INFO ] [ProductoDAOH2:35] producto creado correctamente
[2024-08-24 22:59:19] [ ERROR] [BD:79] error inesperado: Imposible eliminar "TIENDA" debido a que "CONSTRAINT_F2D, CONSTRAINT_13" depende de él.
Cannot drop "TIENDA" because "CONSTRAINT_F2D, CONSTRAINT_13" depends on it; SQL statement:
DROP TABLE IF EXISTS TIENDA [90107-224]
[2024-08-24 23:00:07] [ ERROR] [BD:79] error inesperado: Imposible eliminar "CATEGORIA_PRODUCTO" debido a que "CONSTRAINT_F2" depende de él.
Cannot drop "CATEGORIA_PRODUCTO" because "CONSTRAINT_F2" depends on it; SQL statement:
DROP TABLE IF EXISTS CATEGORIA_PRODUCTO [90107-224]
[2024-08-24 23:00:26] [ ERROR] [BD:79] error inesperado: Imposible eliminar "CATEGORIA_PRODUCTO" debido a que "CONSTRAINT_F2" depende de él.
Cannot drop "CATEGORIA_PRODUCTO" because "CONSTRAINT_F2" depends on it; SQL statement:
DROP TABLE IF EXISTS CATEGORIA_PRODUCTO [90107-224]
[2024-08-24 23:00:40] [ ERROR] [BD:79] error inesperado: Imposible eliminar "TIENDA" debido a que "CONSTRAINT_F2D, CONSTRAINT_13" depende de él.
Cannot drop "TIENDA" because "CONSTRAINT_F2D, CONSTRAINT_13" depends on it; SQL statement:
DROP TABLE IF EXISTS TIENDA [90107-224]
[2024-08-24 23:01:02] [ ERROR] [BD:79] error inesperado: Imposible eliminar "TIENDA" debido a que "CONSTRAINT_F2D, CONSTRAINT_13" depende de él.
Cannot drop "TIENDA" because "CONSTRAINT_F2D, CONSTRAINT_13" depends on it; SQL statement:
DROP TABLE IF EXISTS TIENDA [90107-224]
[2024-08-24 23:06:11] [ ERROR] [BD:76] error inesperado: Imposible eliminar "TIENDA" debido a que "CONSTRAINT_F2D, CONSTRAINT_13" depende de él.
Cannot drop "TIENDA" because "CONSTRAINT_F2D, CONSTRAINT_13" depends on it; SQL statement:
DROP TABLE IF EXISTS TIENDA [90107-224]
[2024-08-24 23:06:52] [ ERROR] [BD:76] error inesperado: Imposible eliminar "CATEGORIA_PRODUCTO" debido a que "CONSTRAINT_F2" depende de él.
Cannot drop "CATEGORIA_PRODUCTO" because "CONSTRAINT_F2" depends on it; SQL statement:
DROP TABLE IF EXISTS CATEGORIA_PRODUCTO [90107-224]
[2024-08-24 23:07:16] [ ERROR] [BD:76] error inesperado: Imposible eliminar "TIENDA" debido a que "CONSTRAINT_13" depende de él.
Cannot drop "TIENDA" because "CONSTRAINT_13" depends on it; SQL statement:
DROP TABLE IF EXISTS TIENDA [90107-224]
[2024-08-24 23:07:42] [ ERROR] [BD:76] error inesperado: Tabla "CATEGORIA_PRODUCTO" no encontrada
Table "CATEGORIA_PRODUCTO" not found; SQL statement:
CREATE TABLE PRODUCTO(ID INT AUTO_INCREMENT PRIMARY KEY, NOMBRE VARCHAR(20) NOT NULL, CATEGORIA_ID INT, UNIDAD_MEDIDA VARCHAR(20), CANT_BASE DECIMAL(10, 2), TIENDA_PREDETERMINADA_ID INT, FOREIGN KEY (CATEGORIA_ID) REFERENCES CATEGORIA_PRODUCTO(ID), FOREIGN KEY (TIENDA_PREDETERMINADA_ID) REFERENCES TIENDA(ID)) [42102-224]
[2024-08-24 23:09:28] [ ERROR] [BD:76] error inesperado: Tabla "TIENDA" no encontrada
Table "TIENDA" not found; SQL statement:
CREATE TABLE LISTA_DE_COMPRAS(ID INT AUTO_INCREMENT PRIMARY KEY, NOMBRE VARCHAR(50) NOT NULL, FECHA_CREACION DATE NOT NULL, TIENDA_ID INT, FOREIGN KEY (TIENDA_ID) REFERENCES TIENDA(ID)) [42102-224]
[2024-08-24 23:10:12] [ INFO ] [BD:74] Datos creados correctamente
[2024-08-24 23:10:24] [ INFO ] [ProductoDAOH2:19] Iniciando el guardado del producto
[2024-08-24 23:10:24] [ INFO ] [ProductoDAOH2:35] producto creado correctamente
[2024-08-24 23:10:26] [ INFO ] [ProductoDAOH2:19] Iniciando el guardado del producto
[2024-08-24 23:10:26] [ INFO ] [ProductoDAOH2:35] producto creado correctamente
[2024-08-24 23:10:34] [ INFO ] [BD:74] Datos creados correctamente
[2024-08-24 23:10:38] [ INFO ] [ProductoDAOH2:19] Iniciando el guardado del producto
[2024-08-24 23:10:38] [ INFO ] [ProductoDAOH2:35] producto creado correctamente
[2024-08-24 23:26:08] [ INFO ] [BD:74] Datos creados correctamente
[2024-08-25 12:34:04] [ INFO ] [BD:74] Datos creados correctamente
[2024-08-25 12:34:07] [ INFO ] [CategoriaProductoDAOH2:18] Iniciando el guardado de categoria de producto
[2024-08-25 12:34:07] [ INFO ] [CategoriaProductoDAOH2:32] producto creado correctamente
[2024-08-25 15:52:35] [ ERROR] [BD:85] error inesperado: Tabla "LISTA_DE_COMPRAS" no encontrada
Table "LISTA_DE_COMPRAS" not found; SQL statement:
CREATE TABLE LISTA_DE_COMPRAS_PRODUCTO (ID INT AUTO_INCREMENT PRIMARY KEY, LISTA_DE_COMPRAS_ID INT NOT NULL, PRODUCTO_ID INT NOT NULL, CANTIDAD DOUBLE NOT NULL, FOREIGN KEY (LISTA_DE_COMPRAS_ID) REFERENCES LISTA_DE_COMPRAS(ID), FOREIGN KEY (PRODUCTO_ID) REFERENCES PRODUCTO(ID)) [42102-224]
[2024-08-25 15:53:36] [ ERROR] [BD:85] error inesperado: Tabla "PRODUCTO" no encontrada
Table "PRODUCTO" not found; SQL statement:
CREATE TABLE LISTA_DE_COMPRAS_PRODUCTO (ID INT AUTO_INCREMENT PRIMARY KEY, LISTA_DE_COMPRAS_ID INT NOT NULL, PRODUCTO_ID INT NOT NULL, CANTIDAD DOUBLE NOT NULL, FOREIGN KEY (LISTA_DE_COMPRAS_ID) REFERENCES LISTA_DE_COMPRAS(ID), FOREIGN KEY (PRODUCTO_ID) REFERENCES PRODUCTO(ID)) [42102-224]
[2024-08-25 15:54:00] [ INFO ] [BD:83] Datos creados correctamente
[2024-08-25 15:55:42] [ ERROR] [BD:91] error inesperado: Imposible eliminar "PRODUCTO" debido a que "CONSTRAINT_ADC" depende de él.
Cannot drop "PRODUCTO" because "CONSTRAINT_ADC" depends on it; SQL statement:
DROP TABLE IF EXISTS PRODUCTO [90107-224]
[2024-08-25 15:57:04] [ ERROR] [BD:91] error inesperado: Imposible eliminar "TIENDA" debido a que "CONSTRAINT_F2D, CONSTRAINT_13" depende de él.
Cannot drop "TIENDA" because "CONSTRAINT_F2D, CONSTRAINT_13" depends on it; SQL statement:
DROP TABLE IF EXISTS TIENDA [90107-224]
[2024-08-25 15:57:44] [ ERROR] [BD:91] error inesperado: Violación de una restricción de Integridad Referencial: "CONSTRAINT_ADC: PUBLIC.LISTA_DE_COMPRAS_PRODUCTO FOREIGN KEY(PRODUCTO_ID) REFERENCES PUBLIC.PRODUCTO(ID) (101)"
Referential integrity constraint violation: "CONSTRAINT_ADC: PUBLIC.LISTA_DE_COMPRAS_PRODUCTO FOREIGN KEY(PRODUCTO_ID) REFERENCES PUBLIC.PRODUCTO(ID) (101)"; SQL statement:
INSERT INTO TIENDA (NOMBRE, DIRECCION) VALUES ('Tienda Central', '123 Avenida Principal'), ('Tienda Norte', '456 Calle Norte'), ('Tienda Sur', '789 Calle Sur') [23506-224]
[2024-08-25 15:58:30] [ ERROR] [BD:91] error inesperado: Violación de una restricción de Integridad Referencial: "CONSTRAINT_ADC: PUBLIC.LISTA_DE_COMPRAS_PRODUCTO FOREIGN KEY(PRODUCTO_ID) REFERENCES PUBLIC.PRODUCTO(ID) (101)"
Referential integrity constraint violation: "CONSTRAINT_ADC: PUBLIC.LISTA_DE_COMPRAS_PRODUCTO FOREIGN KEY(PRODUCTO_ID) REFERENCES PUBLIC.PRODUCTO(ID) (101)"; SQL statement:
INSERT INTO TIENDA (NOMBRE, DIRECCION) VALUES ('Tienda Central', '123 Avenida Principal'), ('Tienda Norte', '456 Calle Norte'), ('Tienda Sur', '789 Calle Sur') [23506-224]
[2024-08-25 16:00:57] [ INFO ] [BD:89] Datos creados correctamente
